{"C:\\Users\\ramir\\Desktop\\express-demo\\vidly.js": {"path":"C:\\Users\\ramir\\Desktop\\express-demo\\vidly.js","statementMap":{"0":{"start":{"line":1,"column":16},"end":{"line":1,"column":34}},"1":{"start":{"line":2,"column":16},"end":{"line":2,"column":34}},"2":{"start":{"line":4,"column":12},"end":{"line":4,"column":21}},"3":{"start":{"line":6,"column":0},"end":{"line":6,"column":38}},"4":{"start":{"line":7,"column":0},"end":{"line":7,"column":42}},"5":{"start":{"line":8,"column":0},"end":{"line":8,"column":52}},"6":{"start":{"line":9,"column":0},"end":{"line":9,"column":35}},"7":{"start":{"line":10,"column":0},"end":{"line":10,"column":32}},"8":{"start":{"line":11,"column":0},"end":{"line":11,"column":34}},"9":{"start":{"line":12,"column":0},"end":{"line":12,"column":33}},"10":{"start":{"line":15,"column":13},"end":{"line":15,"column":47}},"11":{"start":{"line":16,"column":15},"end":{"line":18,"column":2}},"12":{"start":{"line":17,"column":2},"end":{"line":17,"column":47}},"13":{"start":{"line":20,"column":0},"end":{"line":20,"column":24}}},"fnMap":{"0":{"name":"(anonymous_0)","decl":{"start":{"line":16,"column":32},"end":{"line":16,"column":33}},"loc":{"start":{"line":16,"column":38},"end":{"line":18,"column":1}},"line":16}},"branchMap":{"0":{"loc":{"start":{"line":15,"column":13},"end":{"line":15,"column":47}},"type":"binary-expr","locations":[{"start":{"line":15,"column":13},"end":{"line":15,"column":39}},{"start":{"line":15,"column":43},"end":{"line":15,"column":47}}],"line":15}},"s":{"0":1,"1":1,"2":1,"3":1,"4":1,"5":1,"6":1,"7":1,"8":1,"9":1,"10":1,"11":1,"12":1,"13":1},"f":{"0":1},"b":{"0":[1,1]},"_coverageSchema":"1a1c01bbd47fc00a2c39e90264f33305004495a9","hash":"1e6addead972a387ff89b955b17bc1aaa339d7ec"}
,"C:\\Users\\ramir\\Desktop\\express-demo\\middleware\\admin.js": {"path":"C:\\Users\\ramir\\Desktop\\express-demo\\middleware\\admin.js","statementMap":{"0":{"start":{"line":2,"column":2},"end":{"line":2,"column":71}},"1":{"start":{"line":2,"column":25},"end":{"line":2,"column":71}},"2":{"start":{"line":3,"column":2},"end":{"line":3,"column":9}},"3":{"start":{"line":6,"column":0},"end":{"line":6,"column":23}}},"fnMap":{"0":{"name":"admin","decl":{"start":{"line":1,"column":9},"end":{"line":1,"column":14}},"loc":{"start":{"line":1,"column":31},"end":{"line":4,"column":1}},"line":1}},"branchMap":{"0":{"loc":{"start":{"line":2,"column":2},"end":{"line":2,"column":71}},"type":"if","locations":[{"start":{"line":2,"column":2},"end":{"line":2,"column":71}},{"start":{"line":2,"column":2},"end":{"line":2,"column":71}}],"line":2}},"s":{"0":0,"1":0,"2":0,"3":1},"f":{"0":0},"b":{"0":[0,0]},"_coverageSchema":"1a1c01bbd47fc00a2c39e90264f33305004495a9","hash":"141e89a76c0de6b7e1a9bb9084cfc78e1d9ee8ba"}
,"C:\\Users\\ramir\\Desktop\\express-demo\\middleware\\auth.js": {"path":"C:\\Users\\ramir\\Desktop\\express-demo\\middleware\\auth.js","statementMap":{"0":{"start":{"line":1,"column":12},"end":{"line":1,"column":35}},"1":{"start":{"line":2,"column":15},"end":{"line":2,"column":32}},"2":{"start":{"line":5,"column":16},"end":{"line":5,"column":42}},"3":{"start":{"line":6,"column":2},"end":{"line":6,"column":79}},"4":{"start":{"line":6,"column":14},"end":{"line":6,"column":79}},"5":{"start":{"line":8,"column":2},"end":{"line":14,"column":3}},"6":{"start":{"line":9,"column":20},"end":{"line":9,"column":66}},"7":{"start":{"line":10,"column":4},"end":{"line":10,"column":23}},"8":{"start":{"line":11,"column":4},"end":{"line":11,"column":11}},"9":{"start":{"line":13,"column":4},"end":{"line":13,"column":43}},"10":{"start":{"line":17,"column":0},"end":{"line":17,"column":22}}},"fnMap":{"0":{"name":"auth","decl":{"start":{"line":4,"column":9},"end":{"line":4,"column":13}},"loc":{"start":{"line":4,"column":30},"end":{"line":15,"column":1}},"line":4}},"branchMap":{"0":{"loc":{"start":{"line":6,"column":2},"end":{"line":6,"column":79}},"type":"if","locations":[{"start":{"line":6,"column":2},"end":{"line":6,"column":79}},{"start":{"line":6,"column":2},"end":{"line":6,"column":79}}],"line":6}},"s":{"0":2,"1":2,"2":1,"3":1,"4":0,"5":1,"6":1,"7":1,"8":1,"9":0,"10":2},"f":{"0":1},"b":{"0":[0,1]},"_coverageSchema":"1a1c01bbd47fc00a2c39e90264f33305004495a9","hash":"fce581ddf73672b8d8970dbc431eaf287eaa7338"}
,"C:\\Users\\ramir\\Desktop\\express-demo\\middleware\\error.js": {"path":"C:\\Users\\ramir\\Desktop\\express-demo\\middleware\\error.js","statementMap":{"0":{"start":{"line":1,"column":16},"end":{"line":1,"column":34}},"1":{"start":{"line":4,"column":2},"end":{"line":7,"column":5}},"2":{"start":{"line":8,"column":2},"end":{"line":8,"column":44}},"3":{"start":{"line":11,"column":0},"end":{"line":11,"column":23}}},"fnMap":{"0":{"name":"error","decl":{"start":{"line":3,"column":9},"end":{"line":3,"column":14}},"loc":{"start":{"line":3,"column":36},"end":{"line":9,"column":1}},"line":3}},"branchMap":{},"s":{"0":1,"1":0,"2":0,"3":1},"f":{"0":0},"b":{},"_coverageSchema":"1a1c01bbd47fc00a2c39e90264f33305004495a9","hash":"93c873549d3be5e639f22e0af93bf5c235109fd1"}
,"C:\\Users\\ramir\\Desktop\\express-demo\\middleware\\validateObjectId.js": {"path":"C:\\Users\\ramir\\Desktop\\express-demo\\middleware\\validateObjectId.js","statementMap":{"0":{"start":{"line":1,"column":17},"end":{"line":1,"column":36}},"1":{"start":{"line":3,"column":0},"end":{"line":8,"column":2}},"2":{"start":{"line":4,"column":2},"end":{"line":5,"column":47}},"3":{"start":{"line":5,"column":4},"end":{"line":5,"column":47}},"4":{"start":{"line":7,"column":2},"end":{"line":7,"column":9}}},"fnMap":{"0":{"name":"(anonymous_0)","decl":{"start":{"line":3,"column":17},"end":{"line":3,"column":18}},"loc":{"start":{"line":3,"column":43},"end":{"line":8,"column":1}},"line":3}},"branchMap":{"0":{"loc":{"start":{"line":4,"column":2},"end":{"line":5,"column":47}},"type":"if","locations":[{"start":{"line":4,"column":2},"end":{"line":5,"column":47}},{"start":{"line":4,"column":2},"end":{"line":5,"column":47}}],"line":4}},"s":{"0":1,"1":1,"2":0,"3":0,"4":0},"f":{"0":0},"b":{"0":[0,0]},"_coverageSchema":"1a1c01bbd47fc00a2c39e90264f33305004495a9","hash":"b7e9b645855d6ac2599b268c7c16b63e15abd92e"}
,"C:\\Users\\ramir\\Desktop\\express-demo\\models\\customer.js": {"path":"C:\\Users\\ramir\\Desktop\\express-demo\\models\\customer.js","statementMap":{"0":{"start":{"line":1,"column":17},"end":{"line":1,"column":36}},"1":{"start":{"line":2,"column":12},"end":{"line":2,"column":32}},"2":{"start":{"line":5,"column":17},"end":{"line":25,"column":1}},"3":{"start":{"line":29,"column":17},"end":{"line":33,"column":4}},"4":{"start":{"line":35,"column":2},"end":{"line":35,"column":35}},"5":{"start":{"line":38,"column":0},"end":{"line":38,"column":35}},"6":{"start":{"line":39,"column":0},"end":{"line":39,"column":55}}},"fnMap":{"0":{"name":"validationRulesets","decl":{"start":{"line":28,"column":9},"end":{"line":28,"column":27}},"loc":{"start":{"line":28,"column":38},"end":{"line":36,"column":1}},"line":28}},"branchMap":{},"s":{"0":1,"1":1,"2":1,"3":0,"4":0,"5":1,"6":1},"f":{"0":0},"b":{},"_coverageSchema":"1a1c01bbd47fc00a2c39e90264f33305004495a9","hash":"dfbce011d8e61458fca50dcbbae3c6a527ab26ad"}
,"C:\\Users\\ramir\\Desktop\\express-demo\\models\\genre.js": {"path":"C:\\Users\\ramir\\Desktop\\express-demo\\models\\genre.js","statementMap":{"0":{"start":{"line":1,"column":17},"end":{"line":1,"column":36}},"1":{"start":{"line":2,"column":12},"end":{"line":2,"column":32}},"2":{"start":{"line":5,"column":20},"end":{"line":12,"column":2}},"3":{"start":{"line":13,"column":14},"end":{"line":13,"column":50}},"4":{"start":{"line":17,"column":17},"end":{"line":19,"column":4}},"5":{"start":{"line":20,"column":2},"end":{"line":20,"column":32}},"6":{"start":{"line":23,"column":0},"end":{"line":23,"column":22}},"7":{"start":{"line":24,"column":0},"end":{"line":24,"column":48}},"8":{"start":{"line":25,"column":0},"end":{"line":25,"column":34}}},"fnMap":{"0":{"name":"validationRulesets","decl":{"start":{"line":16,"column":9},"end":{"line":16,"column":27}},"loc":{"start":{"line":16,"column":35},"end":{"line":21,"column":1}},"line":16}},"branchMap":{},"s":{"0":1,"1":1,"2":1,"3":1,"4":0,"5":0,"6":1,"7":1,"8":1},"f":{"0":0},"b":{},"_coverageSchema":"1a1c01bbd47fc00a2c39e90264f33305004495a9","hash":"02c729bd2f98002f5ed801b2a4b8067f817efeea"}
,"C:\\Users\\ramir\\Desktop\\express-demo\\models\\movie.js": {"path":"C:\\Users\\ramir\\Desktop\\express-demo\\models\\movie.js","statementMap":{"0":{"start":{"line":1,"column":17},"end":{"line":1,"column":36}},"1":{"start":{"line":2,"column":12},"end":{"line":2,"column":32}},"2":{"start":{"line":3,"column":24},"end":{"line":3,"column":50}},"3":{"start":{"line":6,"column":14},"end":{"line":33,"column":1}},"4":{"start":{"line":37,"column":17},"end":{"line":42,"column":4}},"5":{"start":{"line":44,"column":2},"end":{"line":44,"column":32}},"6":{"start":{"line":47,"column":0},"end":{"line":47,"column":22}},"7":{"start":{"line":48,"column":0},"end":{"line":48,"column":48}}},"fnMap":{"0":{"name":"validationRulesets","decl":{"start":{"line":36,"column":9},"end":{"line":36,"column":27}},"loc":{"start":{"line":36,"column":35},"end":{"line":45,"column":1}},"line":36}},"branchMap":{},"s":{"0":1,"1":1,"2":1,"3":1,"4":0,"5":0,"6":1,"7":1},"f":{"0":0},"b":{},"_coverageSchema":"1a1c01bbd47fc00a2c39e90264f33305004495a9","hash":"3f83bd068d679a5a934ca5439907abd572b31a73"}
,"C:\\Users\\ramir\\Desktop\\express-demo\\models\\rental.js": {"path":"C:\\Users\\ramir\\Desktop\\express-demo\\models\\rental.js","statementMap":{"0":{"start":{"line":1,"column":17},"end":{"line":1,"column":36}},"1":{"start":{"line":2,"column":12},"end":{"line":2,"column":32}},"2":{"start":{"line":4,"column":23},"end":{"line":21,"column":2}},"3":{"start":{"line":23,"column":20},"end":{"line":37,"column":2}},"4":{"start":{"line":39,"column":15},"end":{"line":63,"column":1}},"5":{"start":{"line":66,"column":17},"end":{"line":69,"column":4}},"6":{"start":{"line":71,"column":2},"end":{"line":71,"column":33}},"7":{"start":{"line":74,"column":0},"end":{"line":74,"column":24}},"8":{"start":{"line":75,"column":0},"end":{"line":75,"column":48}}},"fnMap":{"0":{"name":"validationRulesets","decl":{"start":{"line":65,"column":9},"end":{"line":65,"column":27}},"loc":{"start":{"line":65,"column":36},"end":{"line":72,"column":1}},"line":65}},"branchMap":{},"s":{"0":1,"1":1,"2":1,"3":1,"4":1,"5":0,"6":0,"7":1,"8":1},"f":{"0":0},"b":{},"_coverageSchema":"1a1c01bbd47fc00a2c39e90264f33305004495a9","hash":"a16a6c344a1fb12ffd09922186c97159a20bc7c0"}
,"C:\\Users\\ramir\\Desktop\\express-demo\\models\\user.js": {"path":"C:\\Users\\ramir\\Desktop\\express-demo\\models\\user.js","statementMap":{"0":{"start":{"line":1,"column":17},"end":{"line":1,"column":36}},"1":{"start":{"line":2,"column":12},"end":{"line":2,"column":32}},"2":{"start":{"line":3,"column":12},"end":{"line":3,"column":35}},"3":{"start":{"line":4,"column":15},"end":{"line":4,"column":32}},"4":{"start":{"line":6,"column":19},"end":{"line":27,"column":2}},"5":{"start":{"line":29,"column":0},"end":{"line":35,"column":2}},"6":{"start":{"line":30,"column":16},"end":{"line":33,"column":3}},"7":{"start":{"line":34,"column":2},"end":{"line":34,"column":15}},"8":{"start":{"line":37,"column":13},"end":{"line":37,"column":47}},"9":{"start":{"line":40,"column":17},"end":{"line":44,"column":4}},"10":{"start":{"line":46,"column":2},"end":{"line":46,"column":31}},"11":{"start":{"line":49,"column":0},"end":{"line":49,"column":20}},"12":{"start":{"line":50,"column":0},"end":{"line":50,"column":48}}},"fnMap":{"0":{"name":"(anonymous_0)","decl":{"start":{"line":29,"column":39},"end":{"line":29,"column":40}},"loc":{"start":{"line":29,"column":51},"end":{"line":35,"column":1}},"line":29},"1":{"name":"validationRulesets","decl":{"start":{"line":39,"column":9},"end":{"line":39,"column":27}},"loc":{"start":{"line":39,"column":34},"end":{"line":47,"column":1}},"line":39}},"branchMap":{},"s":{"0":3,"1":3,"2":3,"3":3,"4":3,"5":3,"6":5,"7":5,"8":3,"9":0,"10":0,"11":3,"12":3},"f":{"0":5,"1":0},"b":{},"_coverageSchema":"1a1c01bbd47fc00a2c39e90264f33305004495a9","hash":"6de3b1753b14ef3d6f3d5bcf0fd7600bc03a2384"}
,"C:\\Users\\ramir\\Desktop\\express-demo\\routes\\auth.js": {"path":"C:\\Users\\ramir\\Desktop\\express-demo\\routes\\auth.js","statementMap":{"0":{"start":{"line":1,"column":16},"end":{"line":1,"column":34}},"1":{"start":{"line":2,"column":17},"end":{"line":2,"column":42}},"2":{"start":{"line":3,"column":15},"end":{"line":3,"column":32}},"3":{"start":{"line":4,"column":12},"end":{"line":4,"column":32}},"4":{"start":{"line":7,"column":15},"end":{"line":7,"column":31}},"5":{"start":{"line":10,"column":0},"end":{"line":22,"column":3}},"6":{"start":{"line":11,"column":20},"end":{"line":11,"column":54}},"7":{"start":{"line":12,"column":2},"end":{"line":12,"column":67}},"8":{"start":{"line":12,"column":13},"end":{"line":12,"column":67}},"9":{"start":{"line":14,"column":13},"end":{"line":14,"column":58}},"10":{"start":{"line":15,"column":2},"end":{"line":15,"column":70}},"11":{"start":{"line":15,"column":13},"end":{"line":15,"column":70}},"12":{"start":{"line":17,"column":24},"end":{"line":17,"column":78}},"13":{"start":{"line":18,"column":2},"end":{"line":18,"column":79}},"14":{"start":{"line":18,"column":22},"end":{"line":18,"column":79}},"15":{"start":{"line":20,"column":16},"end":{"line":20,"column":40}},"16":{"start":{"line":21,"column":2},"end":{"line":21,"column":18}},"17":{"start":{"line":25,"column":17},"end":{"line":28,"column":4}},"18":{"start":{"line":30,"column":2},"end":{"line":30,"column":30}},"19":{"start":{"line":33,"column":0},"end":{"line":33,"column":24}}},"fnMap":{"0":{"name":"(anonymous_0)","decl":{"start":{"line":10,"column":17},"end":{"line":10,"column":18}},"loc":{"start":{"line":10,"column":37},"end":{"line":22,"column":1}},"line":10},"1":{"name":"validationAuthentication","decl":{"start":{"line":24,"column":9},"end":{"line":24,"column":33}},"loc":{"start":{"line":24,"column":39},"end":{"line":31,"column":1}},"line":24}},"branchMap":{"0":{"loc":{"start":{"line":12,"column":2},"end":{"line":12,"column":67}},"type":"if","locations":[{"start":{"line":12,"column":2},"end":{"line":12,"column":67}},{"start":{"line":12,"column":2},"end":{"line":12,"column":67}}],"line":12},"1":{"loc":{"start":{"line":15,"column":2},"end":{"line":15,"column":70}},"type":"if","locations":[{"start":{"line":15,"column":2},"end":{"line":15,"column":70}},{"start":{"line":15,"column":2},"end":{"line":15,"column":70}}],"line":15},"2":{"loc":{"start":{"line":18,"column":2},"end":{"line":18,"column":79}},"type":"if","locations":[{"start":{"line":18,"column":2},"end":{"line":18,"column":79}},{"start":{"line":18,"column":2},"end":{"line":18,"column":79}}],"line":18}},"s":{"0":1,"1":1,"2":1,"3":1,"4":1,"5":1,"6":0,"7":0,"8":0,"9":0,"10":0,"11":0,"12":0,"13":0,"14":0,"15":0,"16":0,"17":0,"18":0,"19":1},"f":{"0":0,"1":0},"b":{"0":[0,0],"1":[0,0],"2":[0,0]},"_coverageSchema":"1a1c01bbd47fc00a2c39e90264f33305004495a9","hash":"0b4a9d0677a20cdadf631cf2080ae01cdff33439"}
,"C:\\Users\\ramir\\Desktop\\express-demo\\routes\\customers.js": {"path":"C:\\Users\\ramir\\Desktop\\express-demo\\routes\\customers.js","statementMap":{"0":{"start":{"line":2,"column":16},"end":{"line":2,"column":34}},"1":{"start":{"line":3,"column":41},"end":{"line":3,"column":70}},"2":{"start":{"line":6,"column":15},"end":{"line":6,"column":31}},"3":{"start":{"line":9,"column":0},"end":{"line":21,"column":3}},"4":{"start":{"line":10,"column":20},"end":{"line":10,"column":48}},"5":{"start":{"line":11,"column":2},"end":{"line":11,"column":67}},"6":{"start":{"line":11,"column":13},"end":{"line":11,"column":67}},"7":{"start":{"line":13,"column":19},"end":{"line":17,"column":4}},"8":{"start":{"line":19,"column":2},"end":{"line":19,"column":24}},"9":{"start":{"line":20,"column":2},"end":{"line":20,"column":21}},"10":{"start":{"line":24,"column":0},"end":{"line":27,"column":3}},"11":{"start":{"line":25,"column":19},"end":{"line":25,"column":58}},"12":{"start":{"line":26,"column":2},"end":{"line":26,"column":21}},"13":{"start":{"line":30,"column":0},"end":{"line":37,"column":3}},"14":{"start":{"line":31,"column":2},"end":{"line":36,"column":3}},"15":{"start":{"line":32,"column":21},"end":{"line":32,"column":59}},"16":{"start":{"line":33,"column":4},"end":{"line":33,"column":23}},"17":{"start":{"line":35,"column":4},"end":{"line":35,"column":57}},"18":{"start":{"line":40,"column":0},"end":{"line":60,"column":3}},"19":{"start":{"line":41,"column":20},"end":{"line":41,"column":48}},"20":{"start":{"line":42,"column":2},"end":{"line":42,"column":67}},"21":{"start":{"line":42,"column":13},"end":{"line":42,"column":67}},"22":{"start":{"line":44,"column":2},"end":{"line":59,"column":3}},"23":{"start":{"line":45,"column":21},"end":{"line":55,"column":5}},"24":{"start":{"line":56,"column":4},"end":{"line":56,"column":23}},"25":{"start":{"line":58,"column":4},"end":{"line":58,"column":57}},"26":{"start":{"line":63,"column":0},"end":{"line":70,"column":3}},"27":{"start":{"line":64,"column":2},"end":{"line":69,"column":3}},"28":{"start":{"line":65,"column":21},"end":{"line":65,"column":68}},"29":{"start":{"line":66,"column":4},"end":{"line":66,"column":23}},"30":{"start":{"line":68,"column":4},"end":{"line":68,"column":57}},"31":{"start":{"line":73,"column":0},"end":{"line":73,"column":24}}},"fnMap":{"0":{"name":"(anonymous_0)","decl":{"start":{"line":9,"column":17},"end":{"line":9,"column":18}},"loc":{"start":{"line":9,"column":37},"end":{"line":21,"column":1}},"line":9},"1":{"name":"(anonymous_1)","decl":{"start":{"line":24,"column":16},"end":{"line":24,"column":17}},"loc":{"start":{"line":24,"column":36},"end":{"line":27,"column":1}},"line":24},"2":{"name":"(anonymous_2)","decl":{"start":{"line":30,"column":19},"end":{"line":30,"column":20}},"loc":{"start":{"line":30,"column":39},"end":{"line":37,"column":1}},"line":30},"3":{"name":"(anonymous_3)","decl":{"start":{"line":40,"column":19},"end":{"line":40,"column":20}},"loc":{"start":{"line":40,"column":39},"end":{"line":60,"column":1}},"line":40},"4":{"name":"(anonymous_4)","decl":{"start":{"line":63,"column":22},"end":{"line":63,"column":23}},"loc":{"start":{"line":63,"column":42},"end":{"line":70,"column":1}},"line":63}},"branchMap":{"0":{"loc":{"start":{"line":11,"column":2},"end":{"line":11,"column":67}},"type":"if","locations":[{"start":{"line":11,"column":2},"end":{"line":11,"column":67}},{"start":{"line":11,"column":2},"end":{"line":11,"column":67}}],"line":11},"1":{"loc":{"start":{"line":42,"column":2},"end":{"line":42,"column":67}},"type":"if","locations":[{"start":{"line":42,"column":2},"end":{"line":42,"column":67}},{"start":{"line":42,"column":2},"end":{"line":42,"column":67}}],"line":42}},"s":{"0":1,"1":1,"2":1,"3":1,"4":0,"5":0,"6":0,"7":0,"8":0,"9":0,"10":1,"11":0,"12":0,"13":1,"14":0,"15":0,"16":0,"17":0,"18":1,"19":0,"20":0,"21":0,"22":0,"23":0,"24":0,"25":0,"26":1,"27":0,"28":0,"29":0,"30":0,"31":1},"f":{"0":0,"1":0,"2":0,"3":0,"4":0},"b":{"0":[0,0],"1":[0,0]},"_coverageSchema":"1a1c01bbd47fc00a2c39e90264f33305004495a9","hash":"22b1a48bec95e3d0648df872bfd9206911df4447"}
,"C:\\Users\\ramir\\Desktop\\express-demo\\routes\\genres.js": {"path":"C:\\Users\\ramir\\Desktop\\express-demo\\routes\\genres.js","statementMap":{"0":{"start":{"line":1,"column":16},"end":{"line":1,"column":34}},"1":{"start":{"line":2,"column":38},"end":{"line":2,"column":64}},"2":{"start":{"line":5,"column":13},"end":{"line":5,"column":42}},"3":{"start":{"line":6,"column":14},"end":{"line":6,"column":44}},"4":{"start":{"line":7,"column":25},"end":{"line":7,"column":66}},"5":{"start":{"line":10,"column":15},"end":{"line":10,"column":31}},"6":{"start":{"line":13,"column":0},"end":{"line":16,"column":3}},"7":{"start":{"line":14,"column":17},"end":{"line":14,"column":53}},"8":{"start":{"line":15,"column":2},"end":{"line":15,"column":19}},"9":{"start":{"line":18,"column":0},"end":{"line":25,"column":3}},"10":{"start":{"line":19,"column":16},"end":{"line":19,"column":51}},"11":{"start":{"line":21,"column":2},"end":{"line":22,"column":79}},"12":{"start":{"line":22,"column":4},"end":{"line":22,"column":79}},"13":{"start":{"line":24,"column":2},"end":{"line":24,"column":18}},"14":{"start":{"line":28,"column":0},"end":{"line":36,"column":3}},"15":{"start":{"line":29,"column":20},"end":{"line":29,"column":48}},"16":{"start":{"line":30,"column":2},"end":{"line":30,"column":67}},"17":{"start":{"line":30,"column":13},"end":{"line":30,"column":67}},"18":{"start":{"line":32,"column":16},"end":{"line":32,"column":50}},"19":{"start":{"line":34,"column":2},"end":{"line":34,"column":21}},"20":{"start":{"line":35,"column":2},"end":{"line":35,"column":18}},"21":{"start":{"line":39,"column":0},"end":{"line":52,"column":3}},"22":{"start":{"line":40,"column":20},"end":{"line":40,"column":48}},"23":{"start":{"line":41,"column":2},"end":{"line":41,"column":67}},"24":{"start":{"line":41,"column":13},"end":{"line":41,"column":67}},"25":{"start":{"line":43,"column":16},"end":{"line":47,"column":3}},"26":{"start":{"line":49,"column":2},"end":{"line":49,"column":79}},"27":{"start":{"line":49,"column":14},"end":{"line":49,"column":79}},"28":{"start":{"line":51,"column":2},"end":{"line":51,"column":18}},"29":{"start":{"line":55,"column":0},"end":{"line":61,"column":3}},"30":{"start":{"line":56,"column":16},"end":{"line":56,"column":60}},"31":{"start":{"line":58,"column":2},"end":{"line":58,"column":79}},"32":{"start":{"line":58,"column":14},"end":{"line":58,"column":79}},"33":{"start":{"line":60,"column":2},"end":{"line":60,"column":18}},"34":{"start":{"line":63,"column":0},"end":{"line":63,"column":24}}},"fnMap":{"0":{"name":"(anonymous_0)","decl":{"start":{"line":13,"column":16},"end":{"line":13,"column":17}},"loc":{"start":{"line":13,"column":36},"end":{"line":16,"column":1}},"line":13},"1":{"name":"(anonymous_1)","decl":{"start":{"line":18,"column":37},"end":{"line":18,"column":38}},"loc":{"start":{"line":18,"column":57},"end":{"line":25,"column":1}},"line":18},"2":{"name":"(anonymous_2)","decl":{"start":{"line":28,"column":23},"end":{"line":28,"column":24}},"loc":{"start":{"line":28,"column":43},"end":{"line":36,"column":1}},"line":28},"3":{"name":"(anonymous_3)","decl":{"start":{"line":39,"column":45},"end":{"line":39,"column":46}},"loc":{"start":{"line":39,"column":65},"end":{"line":52,"column":1}},"line":39},"4":{"name":"(anonymous_4)","decl":{"start":{"line":55,"column":37},"end":{"line":55,"column":38}},"loc":{"start":{"line":55,"column":57},"end":{"line":61,"column":1}},"line":55}},"branchMap":{"0":{"loc":{"start":{"line":21,"column":2},"end":{"line":22,"column":79}},"type":"if","locations":[{"start":{"line":21,"column":2},"end":{"line":22,"column":79}},{"start":{"line":21,"column":2},"end":{"line":22,"column":79}}],"line":21},"1":{"loc":{"start":{"line":30,"column":2},"end":{"line":30,"column":67}},"type":"if","locations":[{"start":{"line":30,"column":2},"end":{"line":30,"column":67}},{"start":{"line":30,"column":2},"end":{"line":30,"column":67}}],"line":30},"2":{"loc":{"start":{"line":41,"column":2},"end":{"line":41,"column":67}},"type":"if","locations":[{"start":{"line":41,"column":2},"end":{"line":41,"column":67}},{"start":{"line":41,"column":2},"end":{"line":41,"column":67}}],"line":41},"3":{"loc":{"start":{"line":49,"column":2},"end":{"line":49,"column":79}},"type":"if","locations":[{"start":{"line":49,"column":2},"end":{"line":49,"column":79}},{"start":{"line":49,"column":2},"end":{"line":49,"column":79}}],"line":49},"4":{"loc":{"start":{"line":58,"column":2},"end":{"line":58,"column":79}},"type":"if","locations":[{"start":{"line":58,"column":2},"end":{"line":58,"column":79}},{"start":{"line":58,"column":2},"end":{"line":58,"column":79}}],"line":58}},"s":{"0":1,"1":1,"2":1,"3":1,"4":1,"5":1,"6":1,"7":0,"8":0,"9":1,"10":0,"11":0,"12":0,"13":0,"14":1,"15":0,"16":0,"17":0,"18":0,"19":0,"20":0,"21":1,"22":0,"23":0,"24":0,"25":0,"26":0,"27":0,"28":0,"29":1,"30":0,"31":0,"32":0,"33":0,"34":1},"f":{"0":0,"1":0,"2":0,"3":0,"4":0},"b":{"0":[0,0],"1":[0,0],"2":[0,0],"3":[0,0],"4":[0,0]},"_coverageSchema":"1a1c01bbd47fc00a2c39e90264f33305004495a9","hash":"678af7e868023114fe4f35aca159f0b7539aa1b6"}
,"C:\\Users\\ramir\\Desktop\\express-demo\\routes\\movies.js": {"path":"C:\\Users\\ramir\\Desktop\\express-demo\\routes\\movies.js","statementMap":{"0":{"start":{"line":1,"column":16},"end":{"line":1,"column":34}},"1":{"start":{"line":2,"column":38},"end":{"line":2,"column":64}},"2":{"start":{"line":3,"column":18},"end":{"line":3,"column":44}},"3":{"start":{"line":6,"column":15},"end":{"line":6,"column":31}},"4":{"start":{"line":9,"column":0},"end":{"line":29,"column":3}},"5":{"start":{"line":10,"column":20},"end":{"line":10,"column":48}},"6":{"start":{"line":11,"column":2},"end":{"line":11,"column":67}},"7":{"start":{"line":11,"column":13},"end":{"line":11,"column":67}},"8":{"start":{"line":13,"column":16},"end":{"line":13,"column":54}},"9":{"start":{"line":14,"column":2},"end":{"line":14,"column":60}},"10":{"start":{"line":14,"column":14},"end":{"line":14,"column":60}},"11":{"start":{"line":16,"column":16},"end":{"line":24,"column":4}},"12":{"start":{"line":26,"column":2},"end":{"line":26,"column":21}},"13":{"start":{"line":28,"column":2},"end":{"line":28,"column":18}},"14":{"start":{"line":32,"column":0},"end":{"line":35,"column":3}},"15":{"start":{"line":33,"column":17},"end":{"line":33,"column":53}},"16":{"start":{"line":34,"column":2},"end":{"line":34,"column":19}},"17":{"start":{"line":38,"column":0},"end":{"line":43,"column":3}},"18":{"start":{"line":39,"column":16},"end":{"line":39,"column":51}},"19":{"start":{"line":40,"column":2},"end":{"line":40,"column":77}},"20":{"start":{"line":40,"column":14},"end":{"line":40,"column":77}},"21":{"start":{"line":42,"column":2},"end":{"line":42,"column":18}},"22":{"start":{"line":45,"column":0},"end":{"line":52,"column":3}},"23":{"start":{"line":46,"column":16},"end":{"line":46,"column":51}},"24":{"start":{"line":48,"column":2},"end":{"line":49,"column":79}},"25":{"start":{"line":49,"column":4},"end":{"line":49,"column":79}},"26":{"start":{"line":51,"column":2},"end":{"line":51,"column":18}},"27":{"start":{"line":55,"column":0},"end":{"line":79,"column":3}},"28":{"start":{"line":56,"column":20},"end":{"line":56,"column":48}},"29":{"start":{"line":57,"column":2},"end":{"line":57,"column":60}},"30":{"start":{"line":57,"column":13},"end":{"line":57,"column":60}},"31":{"start":{"line":59,"column":16},"end":{"line":59,"column":48}},"32":{"start":{"line":60,"column":2},"end":{"line":60,"column":60}},"33":{"start":{"line":60,"column":14},"end":{"line":60,"column":60}},"34":{"start":{"line":62,"column":16},"end":{"line":74,"column":3}},"35":{"start":{"line":76,"column":2},"end":{"line":77,"column":79}},"36":{"start":{"line":77,"column":4},"end":{"line":77,"column":79}},"37":{"start":{"line":78,"column":2},"end":{"line":78,"column":18}},"38":{"start":{"line":82,"column":0},"end":{"line":87,"column":3}},"39":{"start":{"line":83,"column":16},"end":{"line":83,"column":59}},"40":{"start":{"line":84,"column":2},"end":{"line":85,"column":79}},"41":{"start":{"line":85,"column":4},"end":{"line":85,"column":79}},"42":{"start":{"line":86,"column":2},"end":{"line":86,"column":18}},"43":{"start":{"line":89,"column":0},"end":{"line":89,"column":24}}},"fnMap":{"0":{"name":"(anonymous_0)","decl":{"start":{"line":9,"column":17},"end":{"line":9,"column":18}},"loc":{"start":{"line":9,"column":37},"end":{"line":29,"column":1}},"line":9},"1":{"name":"(anonymous_1)","decl":{"start":{"line":32,"column":16},"end":{"line":32,"column":17}},"loc":{"start":{"line":32,"column":36},"end":{"line":35,"column":1}},"line":32},"2":{"name":"(anonymous_2)","decl":{"start":{"line":38,"column":19},"end":{"line":38,"column":20}},"loc":{"start":{"line":38,"column":39},"end":{"line":43,"column":1}},"line":38},"3":{"name":"(anonymous_3)","decl":{"start":{"line":45,"column":19},"end":{"line":45,"column":20}},"loc":{"start":{"line":45,"column":39},"end":{"line":52,"column":1}},"line":45},"4":{"name":"(anonymous_4)","decl":{"start":{"line":55,"column":19},"end":{"line":55,"column":20}},"loc":{"start":{"line":55,"column":39},"end":{"line":79,"column":1}},"line":55},"5":{"name":"(anonymous_5)","decl":{"start":{"line":82,"column":22},"end":{"line":82,"column":23}},"loc":{"start":{"line":82,"column":42},"end":{"line":87,"column":1}},"line":82}},"branchMap":{"0":{"loc":{"start":{"line":11,"column":2},"end":{"line":11,"column":67}},"type":"if","locations":[{"start":{"line":11,"column":2},"end":{"line":11,"column":67}},{"start":{"line":11,"column":2},"end":{"line":11,"column":67}}],"line":11},"1":{"loc":{"start":{"line":14,"column":2},"end":{"line":14,"column":60}},"type":"if","locations":[{"start":{"line":14,"column":2},"end":{"line":14,"column":60}},{"start":{"line":14,"column":2},"end":{"line":14,"column":60}}],"line":14},"2":{"loc":{"start":{"line":40,"column":2},"end":{"line":40,"column":77}},"type":"if","locations":[{"start":{"line":40,"column":2},"end":{"line":40,"column":77}},{"start":{"line":40,"column":2},"end":{"line":40,"column":77}}],"line":40},"3":{"loc":{"start":{"line":48,"column":2},"end":{"line":49,"column":79}},"type":"if","locations":[{"start":{"line":48,"column":2},"end":{"line":49,"column":79}},{"start":{"line":48,"column":2},"end":{"line":49,"column":79}}],"line":48},"4":{"loc":{"start":{"line":57,"column":2},"end":{"line":57,"column":60}},"type":"if","locations":[{"start":{"line":57,"column":2},"end":{"line":57,"column":60}},{"start":{"line":57,"column":2},"end":{"line":57,"column":60}}],"line":57},"5":{"loc":{"start":{"line":60,"column":2},"end":{"line":60,"column":60}},"type":"if","locations":[{"start":{"line":60,"column":2},"end":{"line":60,"column":60}},{"start":{"line":60,"column":2},"end":{"line":60,"column":60}}],"line":60},"6":{"loc":{"start":{"line":76,"column":2},"end":{"line":77,"column":79}},"type":"if","locations":[{"start":{"line":76,"column":2},"end":{"line":77,"column":79}},{"start":{"line":76,"column":2},"end":{"line":77,"column":79}}],"line":76},"7":{"loc":{"start":{"line":84,"column":2},"end":{"line":85,"column":79}},"type":"if","locations":[{"start":{"line":84,"column":2},"end":{"line":85,"column":79}},{"start":{"line":84,"column":2},"end":{"line":85,"column":79}}],"line":84}},"s":{"0":1,"1":1,"2":1,"3":1,"4":1,"5":0,"6":0,"7":0,"8":0,"9":0,"10":0,"11":0,"12":0,"13":0,"14":1,"15":0,"16":0,"17":1,"18":0,"19":0,"20":0,"21":0,"22":1,"23":0,"24":0,"25":0,"26":0,"27":1,"28":0,"29":0,"30":0,"31":0,"32":0,"33":0,"34":0,"35":0,"36":0,"37":0,"38":1,"39":0,"40":0,"41":0,"42":0,"43":1},"f":{"0":0,"1":0,"2":0,"3":0,"4":0,"5":0},"b":{"0":[0,0],"1":[0,0],"2":[0,0],"3":[0,0],"4":[0,0],"5":[0,0],"6":[0,0],"7":[0,0]},"_coverageSchema":"1a1c01bbd47fc00a2c39e90264f33305004495a9","hash":"0518cd3958389408787f7b676057552cbe41fcda"}
,"C:\\Users\\ramir\\Desktop\\express-demo\\routes\\rentals.js": {"path":"C:\\Users\\ramir\\Desktop\\express-demo\\routes\\rentals.js","statementMap":{"0":{"start":{"line":1,"column":16},"end":{"line":1,"column":34}},"1":{"start":{"line":2,"column":17},"end":{"line":2,"column":36}},"2":{"start":{"line":3,"column":13},"end":{"line":3,"column":28}},"3":{"start":{"line":4,"column":21},"end":{"line":4,"column":50}},"4":{"start":{"line":5,"column":18},"end":{"line":5,"column":44}},"5":{"start":{"line":6,"column":39},"end":{"line":6,"column":66}},"6":{"start":{"line":9,"column":0},"end":{"line":9,"column":20}},"7":{"start":{"line":12,"column":15},"end":{"line":12,"column":31}},"8":{"start":{"line":15,"column":0},"end":{"line":58,"column":3}},"9":{"start":{"line":16,"column":20},"end":{"line":16,"column":48}},"10":{"start":{"line":17,"column":2},"end":{"line":17,"column":67}},"11":{"start":{"line":17,"column":13},"end":{"line":17,"column":67}},"12":{"start":{"line":19,"column":19},"end":{"line":19,"column":63}},"13":{"start":{"line":20,"column":2},"end":{"line":20,"column":65}},"14":{"start":{"line":20,"column":17},"end":{"line":20,"column":65}},"15":{"start":{"line":22,"column":16},"end":{"line":22,"column":54}},"16":{"start":{"line":23,"column":2},"end":{"line":23,"column":59}},"17":{"start":{"line":23,"column":14},"end":{"line":23,"column":59}},"18":{"start":{"line":25,"column":2},"end":{"line":26,"column":55}},"19":{"start":{"line":26,"column":4},"end":{"line":26,"column":55}},"20":{"start":{"line":28,"column":15},"end":{"line":40,"column":4}},"21":{"start":{"line":42,"column":2},"end":{"line":55,"column":3}},"22":{"start":{"line":43,"column":4},"end":{"line":52,"column":13}},"23":{"start":{"line":54,"column":4},"end":{"line":54,"column":46}},"24":{"start":{"line":57,"column":2},"end":{"line":57,"column":19}},"25":{"start":{"line":61,"column":0},"end":{"line":64,"column":3}},"26":{"start":{"line":62,"column":18},"end":{"line":62,"column":51}},"27":{"start":{"line":63,"column":2},"end":{"line":63,"column":20}},"28":{"start":{"line":66,"column":0},"end":{"line":66,"column":24}}},"fnMap":{"0":{"name":"(anonymous_0)","decl":{"start":{"line":15,"column":17},"end":{"line":15,"column":18}},"loc":{"start":{"line":15,"column":37},"end":{"line":58,"column":1}},"line":15},"1":{"name":"(anonymous_1)","decl":{"start":{"line":61,"column":16},"end":{"line":61,"column":17}},"loc":{"start":{"line":61,"column":36},"end":{"line":64,"column":1}},"line":61}},"branchMap":{"0":{"loc":{"start":{"line":17,"column":2},"end":{"line":17,"column":67}},"type":"if","locations":[{"start":{"line":17,"column":2},"end":{"line":17,"column":67}},{"start":{"line":17,"column":2},"end":{"line":17,"column":67}}],"line":17},"1":{"loc":{"start":{"line":20,"column":2},"end":{"line":20,"column":65}},"type":"if","locations":[{"start":{"line":20,"column":2},"end":{"line":20,"column":65}},{"start":{"line":20,"column":2},"end":{"line":20,"column":65}}],"line":20},"2":{"loc":{"start":{"line":23,"column":2},"end":{"line":23,"column":59}},"type":"if","locations":[{"start":{"line":23,"column":2},"end":{"line":23,"column":59}},{"start":{"line":23,"column":2},"end":{"line":23,"column":59}}],"line":23},"3":{"loc":{"start":{"line":25,"column":2},"end":{"line":26,"column":55}},"type":"if","locations":[{"start":{"line":25,"column":2},"end":{"line":26,"column":55}},{"start":{"line":25,"column":2},"end":{"line":26,"column":55}}],"line":25}},"s":{"0":1,"1":1,"2":1,"3":1,"4":1,"5":1,"6":1,"7":1,"8":1,"9":0,"10":0,"11":0,"12":0,"13":0,"14":0,"15":0,"16":0,"17":0,"18":0,"19":0,"20":0,"21":0,"22":0,"23":0,"24":0,"25":1,"26":0,"27":0,"28":1},"f":{"0":0,"1":0},"b":{"0":[0,0],"1":[0,0],"2":[0,0],"3":[0,0]},"_coverageSchema":"1a1c01bbd47fc00a2c39e90264f33305004495a9","hash":"24e9cb522a37af2e77fac518b5a2092242062355"}
,"C:\\Users\\ramir\\Desktop\\express-demo\\routes\\returns.js": {"path":"C:\\Users\\ramir\\Desktop\\express-demo\\routes\\returns.js","statementMap":{"0":{"start":{"line":1,"column":16},"end":{"line":1,"column":34}},"1":{"start":{"line":2,"column":15},"end":{"line":2,"column":31}},"2":{"start":{"line":4,"column":0},"end":{"line":11,"column":3}},"3":{"start":{"line":5,"column":2},"end":{"line":6,"column":59}},"4":{"start":{"line":6,"column":4},"end":{"line":6,"column":59}},"5":{"start":{"line":8,"column":2},"end":{"line":8,"column":77}},"6":{"start":{"line":8,"column":25},"end":{"line":8,"column":77}},"7":{"start":{"line":10,"column":2},"end":{"line":10,"column":39}},"8":{"start":{"line":13,"column":0},"end":{"line":13,"column":24}}},"fnMap":{"0":{"name":"(anonymous_0)","decl":{"start":{"line":4,"column":17},"end":{"line":4,"column":18}},"loc":{"start":{"line":4,"column":37},"end":{"line":11,"column":1}},"line":4}},"branchMap":{"0":{"loc":{"start":{"line":5,"column":2},"end":{"line":6,"column":59}},"type":"if","locations":[{"start":{"line":5,"column":2},"end":{"line":6,"column":59}},{"start":{"line":5,"column":2},"end":{"line":6,"column":59}}],"line":5},"1":{"loc":{"start":{"line":8,"column":2},"end":{"line":8,"column":77}},"type":"if","locations":[{"start":{"line":8,"column":2},"end":{"line":8,"column":77}},{"start":{"line":8,"column":2},"end":{"line":8,"column":77}}],"line":8}},"s":{"0":1,"1":1,"2":1,"3":3,"4":1,"5":2,"6":1,"7":1,"8":1},"f":{"0":3},"b":{"0":[1,2],"1":[1,1]},"_coverageSchema":"1a1c01bbd47fc00a2c39e90264f33305004495a9","hash":"ed4708613cea75ff0988d25cfac9dd08481c2019"}
,"C:\\Users\\ramir\\Desktop\\express-demo\\routes\\users.js": {"path":"C:\\Users\\ramir\\Desktop\\express-demo\\routes\\users.js","statementMap":{"0":{"start":{"line":1,"column":16},"end":{"line":1,"column":34}},"1":{"start":{"line":2,"column":37},"end":{"line":2,"column":62}},"2":{"start":{"line":3,"column":10},"end":{"line":3,"column":27}},"3":{"start":{"line":4,"column":15},"end":{"line":4,"column":32}},"4":{"start":{"line":7,"column":13},"end":{"line":7,"column":42}},"5":{"start":{"line":10,"column":15},"end":{"line":10,"column":31}},"6":{"start":{"line":13,"column":0},"end":{"line":16,"column":3}},"7":{"start":{"line":14,"column":15},"end":{"line":14,"column":68}},"8":{"start":{"line":15,"column":2},"end":{"line":15,"column":17}},"9":{"start":{"line":19,"column":0},"end":{"line":35,"column":3}},"10":{"start":{"line":20,"column":20},"end":{"line":20,"column":48}},"11":{"start":{"line":21,"column":2},"end":{"line":21,"column":67}},"12":{"start":{"line":21,"column":13},"end":{"line":21,"column":67}},"13":{"start":{"line":23,"column":13},"end":{"line":23,"column":58}},"14":{"start":{"line":24,"column":2},"end":{"line":24,"column":70}},"15":{"start":{"line":24,"column":12},"end":{"line":24,"column":70}},"16":{"start":{"line":26,"column":2},"end":{"line":26,"column":67}},"17":{"start":{"line":27,"column":15},"end":{"line":27,"column":39}},"18":{"start":{"line":28,"column":2},"end":{"line":28,"column":57}},"19":{"start":{"line":29,"column":2},"end":{"line":29,"column":20}},"20":{"start":{"line":31,"column":16},"end":{"line":31,"column":40}},"21":{"start":{"line":32,"column":2},"end":{"line":34,"column":50}},"22":{"start":{"line":37,"column":0},"end":{"line":37,"column":24}}},"fnMap":{"0":{"name":"(anonymous_0)","decl":{"start":{"line":13,"column":24},"end":{"line":13,"column":25}},"loc":{"start":{"line":13,"column":44},"end":{"line":16,"column":1}},"line":13},"1":{"name":"(anonymous_1)","decl":{"start":{"line":19,"column":17},"end":{"line":19,"column":18}},"loc":{"start":{"line":19,"column":37},"end":{"line":35,"column":1}},"line":19}},"branchMap":{"0":{"loc":{"start":{"line":21,"column":2},"end":{"line":21,"column":67}},"type":"if","locations":[{"start":{"line":21,"column":2},"end":{"line":21,"column":67}},{"start":{"line":21,"column":2},"end":{"line":21,"column":67}}],"line":21},"1":{"loc":{"start":{"line":24,"column":2},"end":{"line":24,"column":70}},"type":"if","locations":[{"start":{"line":24,"column":2},"end":{"line":24,"column":70}},{"start":{"line":24,"column":2},"end":{"line":24,"column":70}}],"line":24}},"s":{"0":1,"1":1,"2":1,"3":1,"4":1,"5":1,"6":1,"7":0,"8":0,"9":1,"10":0,"11":0,"12":0,"13":0,"14":0,"15":0,"16":0,"17":0,"18":0,"19":0,"20":0,"21":0,"22":1},"f":{"0":0,"1":0},"b":{"0":[0,0],"1":[0,0]},"_coverageSchema":"1a1c01bbd47fc00a2c39e90264f33305004495a9","hash":"09860f50be206e0e12c5afa5e7b43a364db91270"}
,"C:\\Users\\ramir\\Desktop\\express-demo\\startup\\config.js": {"path":"C:\\Users\\ramir\\Desktop\\express-demo\\startup\\config.js","statementMap":{"0":{"start":{"line":1,"column":15},"end":{"line":1,"column":32}},"1":{"start":{"line":3,"column":0},"end":{"line":17,"column":2}},"2":{"start":{"line":5,"column":2},"end":{"line":8,"column":5}},"3":{"start":{"line":10,"column":2},"end":{"line":16,"column":3}},"4":{"start":{"line":11,"column":4},"end":{"line":14,"column":7}},"5":{"start":{"line":15,"column":4},"end":{"line":15,"column":66}}},"fnMap":{"0":{"name":"(anonymous_0)","decl":{"start":{"line":3,"column":17},"end":{"line":3,"column":18}},"loc":{"start":{"line":3,"column":41},"end":{"line":17,"column":1}},"line":3}},"branchMap":{"0":{"loc":{"start":{"line":10,"column":2},"end":{"line":16,"column":3}},"type":"if","locations":[{"start":{"line":10,"column":2},"end":{"line":16,"column":3}},{"start":{"line":10,"column":2},"end":{"line":16,"column":3}}],"line":10}},"s":{"0":1,"1":1,"2":1,"3":1,"4":0,"5":0},"f":{"0":1},"b":{"0":[0,1]},"_coverageSchema":"1a1c01bbd47fc00a2c39e90264f33305004495a9","hash":"e4deaeb0e47c59929564519feca9c77cb00b4ef6"}
,"C:\\Users\\ramir\\Desktop\\express-demo\\startup\\database.js": {"path":"C:\\Users\\ramir\\Desktop\\express-demo\\startup\\database.js","statementMap":{"0":{"start":{"line":1,"column":17},"end":{"line":1,"column":36}},"1":{"start":{"line":2,"column":16},"end":{"line":2,"column":34}},"2":{"start":{"line":3,"column":15},"end":{"line":3,"column":32}},"3":{"start":{"line":6,"column":0},"end":{"line":20,"column":2}},"4":{"start":{"line":7,"column":13},"end":{"line":7,"column":29}},"5":{"start":{"line":9,"column":2},"end":{"line":19,"column":7}},"6":{"start":{"line":15,"column":6},"end":{"line":18,"column":9}}},"fnMap":{"0":{"name":"(anonymous_0)","decl":{"start":{"line":6,"column":17},"end":{"line":6,"column":18}},"loc":{"start":{"line":6,"column":29},"end":{"line":20,"column":1}},"line":6},"1":{"name":"(anonymous_1)","decl":{"start":{"line":14,"column":10},"end":{"line":14,"column":11}},"loc":{"start":{"line":14,"column":16},"end":{"line":19,"column":5}},"line":14}},"branchMap":{},"s":{"0":1,"1":1,"2":1,"3":1,"4":1,"5":1,"6":1},"f":{"0":1,"1":1},"b":{},"_coverageSchema":"1a1c01bbd47fc00a2c39e90264f33305004495a9","hash":"6ebb1dbf8f8ca3cbbd06266b91ec90ce16f3a416"}
,"C:\\Users\\ramir\\Desktop\\express-demo\\startup\\logging.js": {"path":"C:\\Users\\ramir\\Desktop\\express-demo\\startup\\logging.js","statementMap":{"0":{"start":{"line":1,"column":0},"end":{"line":1,"column":32}},"1":{"start":{"line":3,"column":19},"end":{"line":3,"column":37}},"2":{"start":{"line":4,"column":28},"end":{"line":4,"column":34}},"3":{"start":{"line":6,"column":0},"end":{"line":42,"column":2}},"4":{"start":{"line":8,"column":2},"end":{"line":11,"column":4}},"5":{"start":{"line":14,"column":2},"end":{"line":16,"column":5}},"6":{"start":{"line":15,"column":4},"end":{"line":15,"column":13}},"7":{"start":{"line":19,"column":19},"end":{"line":21,"column":4}},"8":{"start":{"line":20,"column":4},"end":{"line":20,"column":34}},"9":{"start":{"line":24,"column":2},"end":{"line":34,"column":5}}},"fnMap":{"0":{"name":"(anonymous_0)","decl":{"start":{"line":6,"column":17},"end":{"line":6,"column":18}},"loc":{"start":{"line":6,"column":36},"end":{"line":42,"column":1}},"line":6},"1":{"name":"(anonymous_1)","decl":{"start":{"line":14,"column":35},"end":{"line":14,"column":36}},"loc":{"start":{"line":14,"column":43},"end":{"line":16,"column":3}},"line":14},"2":{"name":"(anonymous_2)","decl":{"start":{"line":19,"column":26},"end":{"line":19,"column":27}},"loc":{"start":{"line":19,"column":50},"end":{"line":21,"column":3}},"line":19}},"branchMap":{},"s":{"0":1,"1":1,"2":1,"3":1,"4":1,"5":1,"6":0,"7":1,"8":3,"9":1},"f":{"0":1,"1":0,"2":3},"b":{},"_coverageSchema":"1a1c01bbd47fc00a2c39e90264f33305004495a9","hash":"1fab3b063f3496439d7b6bc66f9b2a2292290cb0"}
,"C:\\Users\\ramir\\Desktop\\express-demo\\startup\\malware.js": {"path":"C:\\Users\\ramir\\Desktop\\express-demo\\startup\\malware.js","statementMap":{"0":{"start":{"line":1,"column":15},"end":{"line":1,"column":32}},"1":{"start":{"line":2,"column":15},"end":{"line":2,"column":32}},"2":{"start":{"line":4,"column":0},"end":{"line":19,"column":2}},"3":{"start":{"line":6,"column":2},"end":{"line":6,"column":26}},"4":{"start":{"line":7,"column":2},"end":{"line":7,"column":50}},"5":{"start":{"line":8,"column":2},"end":{"line":8,"column":36}},"6":{"start":{"line":11,"column":2},"end":{"line":11,"column":20}},"7":{"start":{"line":12,"column":2},"end":{"line":18,"column":3}},"8":{"start":{"line":13,"column":4},"end":{"line":13,"column":28}},"9":{"start":{"line":14,"column":4},"end":{"line":17,"column":7}}},"fnMap":{"0":{"name":"(anonymous_0)","decl":{"start":{"line":4,"column":17},"end":{"line":4,"column":18}},"loc":{"start":{"line":4,"column":50},"end":{"line":19,"column":1}},"line":4}},"branchMap":{"0":{"loc":{"start":{"line":12,"column":2},"end":{"line":18,"column":3}},"type":"if","locations":[{"start":{"line":12,"column":2},"end":{"line":18,"column":3}},{"start":{"line":12,"column":2},"end":{"line":18,"column":3}}],"line":12}},"s":{"0":1,"1":1,"2":1,"3":1,"4":1,"5":1,"6":1,"7":1,"8":0,"9":0},"f":{"0":1},"b":{"0":[0,1]},"_coverageSchema":"1a1c01bbd47fc00a2c39e90264f33305004495a9","hash":"ebcca7d85ac2f3c6dd01fc8a7233079db107fe04"}
,"C:\\Users\\ramir\\Desktop\\express-demo\\startup\\routes.js": {"path":"C:\\Users\\ramir\\Desktop\\express-demo\\startup\\routes.js","statementMap":{"0":{"start":{"line":1,"column":15},"end":{"line":1,"column":42}},"1":{"start":{"line":2,"column":18},"end":{"line":2,"column":48}},"2":{"start":{"line":3,"column":15},"end":{"line":3,"column":42}},"3":{"start":{"line":4,"column":16},"end":{"line":4,"column":44}},"4":{"start":{"line":5,"column":14},"end":{"line":5,"column":40}},"5":{"start":{"line":6,"column":16},"end":{"line":6,"column":44}},"6":{"start":{"line":7,"column":13},"end":{"line":7,"column":38}},"7":{"start":{"line":8,"column":14},"end":{"line":8,"column":44}},"8":{"start":{"line":10,"column":0},"end":{"line":22,"column":2}},"9":{"start":{"line":12,"column":2},"end":{"line":12,"column":33}},"10":{"start":{"line":13,"column":2},"end":{"line":13,"column":39}},"11":{"start":{"line":14,"column":2},"end":{"line":14,"column":33}},"12":{"start":{"line":15,"column":2},"end":{"line":15,"column":35}},"13":{"start":{"line":16,"column":2},"end":{"line":16,"column":31}},"14":{"start":{"line":17,"column":2},"end":{"line":17,"column":35}},"15":{"start":{"line":18,"column":2},"end":{"line":18,"column":29}},"16":{"start":{"line":21,"column":2},"end":{"line":21,"column":17}}},"fnMap":{"0":{"name":"(anonymous_0)","decl":{"start":{"line":10,"column":17},"end":{"line":10,"column":18}},"loc":{"start":{"line":10,"column":32},"end":{"line":22,"column":1}},"line":10}},"branchMap":{},"s":{"0":1,"1":1,"2":1,"3":1,"4":1,"5":1,"6":1,"7":1,"8":1,"9":1,"10":1,"11":1,"12":1,"13":1,"14":1,"15":1,"16":1},"f":{"0":1},"b":{},"_coverageSchema":"1a1c01bbd47fc00a2c39e90264f33305004495a9","hash":"56fe5a218695be67d2fdc031b1d33ed561b1b5f6"}
,"C:\\Users\\ramir\\Desktop\\express-demo\\startup\\template.js": {"path":"C:\\Users\\ramir\\Desktop\\express-demo\\startup\\template.js","statementMap":{"0":{"start":{"line":1,"column":0},"end":{"line":5,"column":2}},"1":{"start":{"line":3,"column":2},"end":{"line":3,"column":33}},"2":{"start":{"line":4,"column":2},"end":{"line":4,"column":30}}},"fnMap":{"0":{"name":"(anonymous_0)","decl":{"start":{"line":1,"column":17},"end":{"line":1,"column":18}},"loc":{"start":{"line":1,"column":32},"end":{"line":5,"column":1}},"line":1}},"branchMap":{},"s":{"0":1,"1":1,"2":1},"f":{"0":1},"b":{},"_coverageSchema":"1a1c01bbd47fc00a2c39e90264f33305004495a9","hash":"629e5a773b85ca871575433e73ed4746241173b0"}
,"C:\\Users\\ramir\\Desktop\\express-demo\\startup\\validation.js": {"path":"C:\\Users\\ramir\\Desktop\\express-demo\\startup\\validation.js","statementMap":{"0":{"start":{"line":1,"column":12},"end":{"line":1,"column":32}},"1":{"start":{"line":3,"column":0},"end":{"line":5,"column":2}},"2":{"start":{"line":4,"column":2},"end":{"line":4,"column":46}}},"fnMap":{"0":{"name":"(anonymous_0)","decl":{"start":{"line":3,"column":17},"end":{"line":3,"column":18}},"loc":{"start":{"line":3,"column":29},"end":{"line":5,"column":1}},"line":3}},"branchMap":{},"s":{"0":1,"1":1,"2":1},"f":{"0":1},"b":{},"_coverageSchema":"1a1c01bbd47fc00a2c39e90264f33305004495a9","hash":"748fc5d13f3ccba04c69cb010c42015af4e31f58"}
}
